Sencha Cmd v6.0.2.14
[INF]                          app.archivePath : archive/${build.id}                               
[INF]                       app.bootstrap.base : /Users/oopchoi/Downloads/template-spring-mybatis-extjs-master/src/main/webapp/resources/app
[INF]                        app.bootstrap.css : bootstrap.css                                     
[INF]                   app.bootstrap.manifest : ${build.id}.json                                  
[INF]                app.bootstrap.microloader : bootstrap.js                                      
[INF]                 app.builds.classic.theme : theme-triton                                      
[INF]               app.builds.classic.toolkit : classic                                           
[INF]                  app.builds.modern.theme : theme-triton                                      
[INF]                app.builds.modern.toolkit : modern                                            
[INF]                         app.cache.deltas : ${build.id}/deltas                                
[INF]                         app.cache.enable : false                                             
[INF]                    app.classic.js.0.path : /Users/oopchoi/Downloads/template-spring-mybatis-extjs-master/src/main/webapp/resources/app/ext/build/ext-all-rtl-debug.js
[INF]                    app.classic.js.length : 1                                                 
[INF]                            app.classpath : app,${toolkit.name}/src                           
[INF]                          app.classpath.0 : app                                               
[INF]                          app.classpath.1 : ${toolkit.name}/src                               
[INF]                     app.classpath.length : 2                                                 
[INF]                          app.cmd.version : 6.0.2.14                                          
[INF]                           app.config.dir : /Users/oopchoi/Downloads/template-spring-mybatis-extjs-master/src/main/webapp/resources/app/.sencha/app
[INF]                 app.cordova.cache.enable : false                                             
[INF]                    app.cordova.config.id : com.domain.App                                    
[INF]                  app.cordova.config.name : App                                               
[INF]                  app.cordova.config.path : /Users/oopchoi/Downloads/template-spring-mybatis-extjs-master/src/main/webapp/resources/app/cordova
[INF]                app.cordova.config.target :                                                   
[INF]               app.cordova.config.verbose : false                                             
[INF]                    app.cordova.js.0.path : cordova.js                                        
[INF]                app.cordova.js.0.priority : 1000                                              
[INF]                  app.cordova.js.0.remote : true                                              
[INF]                    app.cordova.js.length : 1                                                 
[INF]                  app.cordova.microloader : /Users/oopchoi/Downloads/template-spring-mybatis-extjs-master/src/main/webapp/resources/app/.sencha/app/Microloader.js
[INF]       app.cordova.output.appCache.enable : false                                             
[INF]                  app.cordova.output.base : /Users/oopchoi/Downloads/template-spring-mybatis-extjs-master/src/main/webapp/resources/app/cordova/www
[INF]              app.cordova.output.manifest : ${build.id}.json                                  
[INF]                  app.cordova.output.page : index.html                                        
[INF]                     app.development.tags :                                                   
[INF]              app.development.tags.length : 0                                                 
[INF]                                  app.dir : /Users/oopchoi/Downloads/template-spring-mybatis-extjs-master/src/main/webapp/resources/app
[INF]               app.fashion.inliner.enable : false                                             
[INF]                            app.framework : ext                                               
[INF]                    app.framework.version : 6.0.0.640                                         
[INF]                                   app.id : 6362675c-a348-4cf8-a8cb-a270e86f450c              
[INF]                        app.indexHtmlPath : index.jsp                                         
[INF]                         app.loader.cache : false                                             
[INF]                    app.loader.cacheParam : _dc                                               
[INF]                     app.modern.js.0.path : /Users/oopchoi/Downloads/template-spring-mybatis-extjs-master/src/main/webapp/resources/app/ext/build/ext-modern-all-debug.js
[INF]                     app.modern.js.length : 1                                                 
[INF]                                 app.name : App                                               
[INF]               app.output.appCache.enable : false                                             
[INF]                          app.output.base : /Users/oopchoi/Downloads/template-spring-mybatis-extjs-master/src/main/webapp/resources/app/build/${build.environment}/App
[INF]                            app.output.js : ${build.id}/app.js                                
[INF]                      app.output.manifest : ${build.id}.json                                  
[INF]            app.output.microloader.enable : true                                              
[INF]                          app.output.page : index.html                                        
[INF]                app.output.resources.path : ${build.id}/resources                             
[INF]              app.output.resources.shared : resources                                         
[INF]                            app.overrides : overrides,${toolkit.name}/overrides               
[INF]                          app.overrides.0 : overrides                                         
[INF]                          app.overrides.1 : ${toolkit.name}/overrides                         
[INF]                     app.overrides.length : 2                                                 
[INF]                app.phonegap.cache.enable : false                                             
[INF]                   app.phonegap.config.id : com.domain.App                                    
[INF]                 app.phonegap.config.name : App                                               
[INF]                 app.phonegap.config.path : /Users/oopchoi/Downloads/template-spring-mybatis-extjs-master/src/main/webapp/resources/app/phonegap
[INF]               app.phonegap.config.remote : false                                             
[INF]              app.phonegap.config.verbose : false                                             
[INF]                   app.phonegap.js.0.path : phonegap.js                                       
[INF]               app.phonegap.js.0.priority : 1000                                              
[INF]                 app.phonegap.js.0.remote : true                                              
[INF]                   app.phonegap.js.length : 1                                                 
[INF]                 app.phonegap.microloader : /Users/oopchoi/Downloads/template-spring-mybatis-extjs-master/src/main/webapp/resources/app/.sencha/app/Microloader.js
[INF]      app.phonegap.output.appCache.enable : false                                             
[INF]                 app.phonegap.output.base : /Users/oopchoi/Downloads/template-spring-mybatis-extjs-master/src/main/webapp/resources/app/phonegap/www
[INF]             app.phonegap.output.manifest : ${build.id}.json                                  
[INF]                 app.phonegap.output.page : index.html                                        
[INF]              app.production.cache.enable : true                                              
[INF]           app.production.compressor.type : yui                                               
[INF]              app.production.loader.cache : ${build.timestamp}                                
[INF]    app.production.output.appCache.enable : true                                              
[INF]      app.production.output.appCache.path : cache.appcache                                    
[INF]                       app.requires.names : ext,font-awesome                                  
[INF]                    app.requires.packages : /Users/oopchoi/Downloads/template-spring-mybatis-extjs-master/src/main/webapp/resources/app/ext,/Users/oopchoi/Downloads/template-spring-mybatis-extjs-master/src/main/webapp/resources/app/ext/packages/font-awesome
[INF]                       app.resource.paths :                                                   
[INF]                         app.sass.dynamic : true                                              
[INF]                             app.sass.etc : sass/etc/all.scss,${toolkit.name}/sass/etc/all.scss
[INF]                           app.sass.etc.0 : sass/etc/all.scss                                 
[INF]                           app.sass.etc.1 : ${toolkit.name}/sass/etc/all.scss                 
[INF]                      app.sass.etc.length : 2                                                 
[INF]                       app.sass.namespace : App                                               
[INF]                             app.sass.src : sass/src,${toolkit.name}/sass/src                 
[INF]                           app.sass.src.0 : sass/src                                          
[INF]                           app.sass.src.1 : ${toolkit.name}/sass/src                          
[INF]                      app.sass.src.length : 2                                                 
[INF]                             app.sass.var : sass/var/all.scss,sass/var,${toolkit.name}/sass/var
[INF]                           app.sass.var.0 : sass/var/all.scss                                 
[INF]                           app.sass.var.1 : sass/var                                          
[INF]                           app.sass.var.2 : ${toolkit.name}/sass/var                          
[INF]                      app.sass.var.length : 3                                                 
[INF]                  app.slicer.cache.enable : false                                             
[INF]         app.slicer.js.0.isWidgetManifest : true                                              
[INF]                     app.slicer.js.0.path : /Users/oopchoi/Downloads/template-spring-mybatis-extjs-master/src/main/webapp/resources/app/sass/example/custom.js
[INF]                     app.slicer.js.length : 1                                                 
[INF]        app.slicer.output.appCache.enable : false                                             
[INF]                              app.version : 1.0.0.0                                           
[INF]                     buildenvironment.dir : /Users/oopchoi/Downloads/template-spring-mybatis-extjs-master/src/main/webapp/resources/app
[INF]                buildenvironment.load.dir : /Users/oopchoi/Downloads/template-spring-mybatis-extjs-master/src/main/webapp/resources/app
[INF]                           cmd.config.dir : /Users/oopchoi/bin/Sencha/Cmd/6.0.2.14            
[INF]                                  cmd.dir : /Users/oopchoi/bin/Sencha/Cmd/6.0.2.14            
[INF]                     cmd.framework.minver : 5.5.0                                             
[INF]                    cmd.framework.version : 99.99                                             
[INF]                             cmd.jvm.args : -Xms128m -Xmx1024m -Dapple.awt.UIElement=true     
[INF]               cmd.merge.tool.args.araxis : -wait -merge -3 -a1 {base} {user} {generated} {out}
[INF]               cmd.merge.tool.args.kdiff3 : {base} {user} {generated} -o {out}                
[INF]              cmd.merge.tool.args.p4merge : {base} {user} {generated} {out}                   
[INF]            cmd.merge.tool.args.smartsync : {user} {generated} {base}                         
[INF]           cmd.merge.tool.args.sourcegear : --merge --result={out} {user} {base} {generated}  
[INF]             cmd.merge.tool.args.tortoise : -base:{base} -theirs:{generated} -mine:{user} -merged:{out}
[INF]                               cmd.minver : 3.0.0.0                                           
[INF]                             cmd.platform : osx                                               
[INF]                          cmd.server.port : 1841                                              
[INF]                      cmd.unicode.escapes : /Users/oopchoi/bin/Sencha/Cmd/6.0.2.14/unicode-escapes.json
[INF]                              cmd.version : 6.0.2.14                                          
[INF]                             cmd.web.port : 1841                                              
[INF]                      config.skipDownload : true                                              
[INF]                       config.skipInherit : false                                             
[INF]                                  ext.dir : /Users/oopchoi/Downloads/template-spring-mybatis-extjs-master/src/main/webapp/resources/app/ext
[INF]                         ext.license.name : gpl                                               
[INF]                      framework.build.dir : ${package.output.base}                            
[INF]                      framework.classpath : ${package.dir}/src                                
[INF]                     framework.cmd.minver : 6.0.0.202                                         
[INF]                    framework.cmd.version : 6.0.0.202                                         
[INF]                  framework.compatVersion : 6.0.0                                             
[INF]                     framework.config.dir : /Users/oopchoi/bin/Sencha/Cmd/6.0.2.14/plugins/ext/current
[INF]                        framework.creator : Sencha                                            
[INF]            framework.detailedDescription : Sencha Ext JS JavaScript Framework                
[INF]                            framework.dir : /Users/oopchoi/Downloads/template-spring-mybatis-extjs-master/src/main/webapp/resources/app/ext
[INF]                   framework.example.apps : admin-dashboard,executive-dashboard,kitchensink,classic/charts-kitchensink,classic/desktop,classic/ticket-app,classic/portal,classic/simple-tasks,classic/responsive-app,classic/aria,modern/addressbook,modern/energy,modern/stockapp,modern/states,modern/geocongress,modern/oreilly
[INF]                 framework.example.apps.0 : admin-dashboard                                   
[INF]                 framework.example.apps.1 : executive-dashboard                               
[INF]                framework.example.apps.10 : modern/addressbook                                
[INF]                framework.example.apps.11 : modern/energy                                     
[INF]                framework.example.apps.12 : modern/stockapp                                   
[INF]                framework.example.apps.13 : modern/states                                     
[INF]                framework.example.apps.14 : modern/geocongress                                
[INF]                framework.example.apps.15 : modern/oreilly                                    
[INF]                 framework.example.apps.2 : kitchensink                                       
[INF]                 framework.example.apps.3 : classic/charts-kitchensink                        
[INF]                 framework.example.apps.4 : classic/desktop                                   
[INF]                 framework.example.apps.5 : classic/ticket-app                                
[INF]                 framework.example.apps.6 : classic/portal                                    
[INF]                 framework.example.apps.7 : classic/simple-tasks                              
[INF]                 framework.example.apps.8 : classic/responsive-app                            
[INF]                 framework.example.apps.9 : classic/aria                                      
[INF]            framework.example.apps.length : 16                                                
[INF]                   framework.example.path : examples,templates                                
[INF]                 framework.example.path.0 : examples                                          
[INF]                 framework.example.path.1 : templates                                         
[INF]            framework.example.path.length : 2                                                 
[INF]                         framework.format : 1                                                 
[INF]                           framework.isV5 : true                                              
[INF]                           framework.isV6 : true                                              
[INF]                           framework.name : ext                                               
[INF]                         framework.output : ${package.dir}/build                              
[INF]                      framework.overrides : ${package.dir}/overrides                          
[INF]                   framework.packages.dir : /Users/oopchoi/Downloads/template-spring-mybatis-extjs-master/src/main/webapp/resources/app/ext/packages/,/Users/oopchoi/Downloads/template-spring-mybatis-extjs-master/src/main/webapp/resources/app/ext/${toolkit.name}
[INF]                      framework.resources : resources                                         
[INF]                    framework.resources.0 : resources                                         
[INF]               framework.resources.length : 1                                                 
[INF]                       framework.sass.etc : ${package.dir}/sass/etc/all.scss                  
[INF]                   framework.sass.fashion : true                                              
[INF]                 framework.sass.namespace : Ext                                               
[INF]                       framework.sass.src : ${package.dir}/sass/src                           
[INF]                       framework.sass.var : ${package.dir}/sass/var                           
[INF]                        framework.subpkgs : classic/classic,modern/modern,packages/charts,packages/amf,packages/soap,packages/ux
[INF]                      framework.subpkgs.0 : classic/classic                                   
[INF]                      framework.subpkgs.1 : modern/modern                                     
[INF]                      framework.subpkgs.2 : packages/charts                                   
[INF]                      framework.subpkgs.3 : packages/amf                                      
[INF]                      framework.subpkgs.4 : packages/soap                                     
[INF]                      framework.subpkgs.5 : packages/ux                                       
[INF]                 framework.subpkgs.length : 6                                                 
[INF]                        framework.summary : Ext JS                                            
[INF]                           framework.type : framework                                         
[INF]                        framework.version : 6.0.0.640                                         
[INF]                        inspector.address : http://localhost:1839/                            
[INF]                     package.sass.dynamic : true                                              
[INF]                           repo.local.dir : /Users/oopchoi/bin/Sencha/Cmd/repo                
[INF]         system.java.net.useSystemProxies : true                                              
[INF]                      workspace.build.dir : /Users/oopchoi/Downloads/template-spring-mybatis-extjs-master/src/main/webapp/resources/app/build
[INF]                    workspace.cmd.version : 6.0.2.14                                          
[INF]                     workspace.config.dir : /Users/oopchoi/Downloads/template-spring-mybatis-extjs-master/src/main/webapp/resources/app/.sencha/workspace
[INF]                            workspace.dir : /Users/oopchoi/Downloads/template-spring-mybatis-extjs-master/src/main/webapp/resources/app
[INF]                   workspace.packages.dir : /Users/oopchoi/Downloads/template-spring-mybatis-extjs-master/src/main/webapp/resources/app/packages/local,/Users/oopchoi/Downloads/template-spring-mybatis-extjs-master/src/main/webapp/resources/app/packages
[INF]               workspace.packages.extract : /Users/oopchoi/Downloads/template-spring-mybatis-extjs-master/src/main/webapp/resources/app/packages/remote
[INF]                      workspace.theme.dir : /Users/oopchoi/Downloads/template-spring-mybatis-extjs-master/src/main/webapp/resources/app/packages/local,/Users/oopchoi/Downloads/template-spring-mybatis-extjs-master/src/main/webapp/resources/app/packages/${args.themeName}

